#
# There is insufficient memory for the Java Runtime Environment to continue.
# Native memory allocation (mmap) failed to map 264241152 bytes for Failed to commit area from 0x0000000704c00000 to 0x0000000714800000 of length 264241152.
# Possible reasons:
#   The system is out of physical RAM or swap space
#   The process is running with CompressedOops enabled, and the Java Heap may be blocking the growth of the native heap
# Possible solutions:
#   Reduce memory load on the system
#   Increase physical memory or swap space
#   Check if swap backing store is full
#   Decrease Java heap size (-Xmx/-Xms)
#   Decrease number of Java threads
#   Decrease Java thread stack sizes (-Xss)
#   Set larger code cache with -XX:ReservedCodeCacheSize=
# This output file may be truncated or incomplete.
#
#  Out of Memory Error (src/hotspot/os/windows/os_windows.cpp:3627), pid=19228, tid=42060
#
# JRE version:  (11.0.15) (build )
# Java VM: OpenJDK 64-Bit Server VM (11.0.15+0-b2043.56-9505619, mixed mode, sharing, tiered, compressed oops, g1 gc, windows-amd64)
# No core dump will be written. Minidumps are not enabled by default on client versions of Windows
#

---------------  S U M M A R Y ------------

Command Line: org.jetbrains.kotlin.cli.jvm.K2JVMCompiler @D:\FilmFit2\app\build\20241222_1971102131198733511.compiler.options

Host: 12th Gen Intel(R) Core(TM) i7-12650H, 16 cores, 15G,  Windows 11 , 64 bit Build 22621 (10.0.22621.4391)
Time: Sun Dec 22 15:59:22 2024  Windows 11 , 64 bit Build 22621 (10.0.22621.4391) elapsed time: 0.009621 seconds (0d 0h 0m 0s)

---------------  T H R E A D  ---------------

Current thread (0x000001f8d3cf7000):  JavaThread "Unknown thread" [_thread_in_vm, id=42060, stack(0x00000064dd400000,0x00000064dd500000)]

Stack: [0x00000064dd400000,0x00000064dd500000]
Native frames: (J=compiled Java code, j=interpreted, Vv=VM code, C=native code)
V  [jvm.dll+0x64135a]
V  [jvm.dll+0x7d39f9]
V  [jvm.dll+0x7d51b9]
V  [jvm.dll+0x7d58a3]
V  [jvm.dll+0x2691c5]
V  [jvm.dll+0x63e4e9]
V  [jvm.dll+0x632985]
V  [jvm.dll+0x3231ac]
V  [jvm.dll+0x323032]
V  [jvm.dll+0x327c06]
V  [jvm.dll+0x36ffa2]
V  [jvm.dll+0x36fa01]
V  [jvm.dll+0x2fea28]
V  [jvm.dll+0x2ffb25]
V  [jvm.dll+0x7accd7]
V  [jvm.dll+0x7ae49f]
V  [jvm.dll+0x37d299]
V  [jvm.dll+0x78ef9f]
V  [jvm.dll+0x3ec847]
V  [jvm.dll+0x3eed31]
C  [jli.dll+0x52cb]
C  [ucrtbase.dll+0x29333]
C  [KERNEL32.DLL+0x1259d]
C  [ntdll.dll+0x5af38]


---------------  P R O C E S S  ---------------

Threads class SMR info:
_java_thread_list=0x000001f8d1a86850, length=0, elements={
}

Java Threads: ( => current thread )

Other Threads:
  0x000001f8d3d0e800 GCTaskThread "GC Thread#0" [stack: 0x00000064dd500000,0x00000064dd600000] [id=34004]
  0x000001f8d3d6a800 ConcurrentGCThread "G1 Main Marker" [stack: 0x00000064dd600000,0x00000064dd700000] [id=14012]
  0x000001f8d3d6c000 ConcurrentGCThread "G1 Conc#0" [stack: 0x00000064dd700000,0x00000064dd800000] [id=2424]

[error occurred during error reporting (printing all threads), id 0xc0000005, EXCEPTION_ACCESS_VIOLATION (0xc0000005) at pc=0x00007fffcdb0f3e7]

VM state:not at safepoint (not fully initialized)

VM Mutex/Monitor currently owned by a thread:  ([mutex/lock_event])
[0x000001f8d3cf3100] Heap_lock - owner thread: 0x000001f8d3cf7000

Heap address: 0x0000000704c00000, size: 4020 MB, Compressed Oops mode: Non-zero based: 0x0000000704c00000
Narrow klass base: 0x0000000000000000, Narrow klass shift: 0

GC Heap History (0 events):
No events

Deoptimization events (0 events):
No events

Classes redefined (0 events):
No events

Internal exceptions (0 events):
No events

Events (1 events):
Event: 0.006 Loaded shared library C:\Program Files\Android\Android Studio\jbr\bin\zip.dll


Dynamic libraries:
0x00007ff71f7c0000 - 0x00007ff71f7ca000 	C:\Program Files\Android\Android Studio\jbr\bin\java.exe
0x00007ff901e30000 - 0x00007ff902047000 	C:\Windows\SYSTEM32\ntdll.dll
0x00007ff9000f0000 - 0x00007ff9001b4000 	C:\Windows\System32\KERNEL32.DLL
0x00007ff8ff4b0000 - 0x00007ff8ff86a000 	C:\Windows\System32\KERNELBASE.dll
0x00007ff8ff270000 - 0x00007ff8ff381000 	C:\Windows\System32\ucrtbase.dll
0x00007ff8f8530000 - 0x00007ff8f8547000 	C:\Program Files\Android\Android Studio\jbr\bin\jli.dll
0x00007ff8f84a0000 - 0x00007ff8f84bb000 	C:\Program Files\Android\Android Studio\jbr\bin\VCRUNTIME140.dll
0x00007ff9003b0000 - 0x00007ff90055e000 	C:\Windows\System32\USER32.dll
0x00007ff8ff9b0000 - 0x00007ff8ff9d6000 	C:\Windows\System32\win32u.dll
0x00007ff8e2990000 - 0x00007ff8e2c22000 	C:\Windows\WinSxS\amd64_microsoft.windows.common-controls_6595b64144ccf1df_6.0.22621.4541_none_2710d1c57384c085\COMCTL32.dll
0x00007ff901b50000 - 0x00007ff901b79000 	C:\Windows\System32\GDI32.dll
0x00007ff8ff9e0000 - 0x00007ff8ffafb000 	C:\Windows\System32\gdi32full.dll
0x00007ff901b80000 - 0x00007ff901c27000 	C:\Windows\System32\msvcrt.dll
0x00007ff8ff390000 - 0x00007ff8ff42a000 	C:\Windows\System32\msvcp_win.dll
0x00007ff901c90000 - 0x00007ff901cc1000 	C:\Windows\System32\IMM32.DLL
0x00007ff8f8f00000 - 0x00007ff8f8f0c000 	C:\Program Files\Android\Android Studio\jbr\bin\vcruntime140_1.dll
0x00007ff8e0860000 - 0x00007ff8e08ed000 	C:\Program Files\Android\Android Studio\jbr\bin\msvcp140.dll
0x00007fffcd800000 - 0x00007fffce3bc000 	C:\Program Files\Android\Android Studio\jbr\bin\server\jvm.dll
0x00007ff8ffb50000 - 0x00007ff8ffc02000 	C:\Windows\System32\ADVAPI32.dll
0x00007ff9015b0000 - 0x00007ff901657000 	C:\Windows\System32\sechost.dll
0x00007ff8ffb00000 - 0x00007ff8ffb28000 	C:\Windows\System32\bcrypt.dll
0x00007ff901cd0000 - 0x00007ff901de4000 	C:\Windows\System32\RPCRT4.dll
0x00007ff901c30000 - 0x00007ff901c38000 	C:\Windows\System32\PSAPI.DLL
0x00007ff8f8ce0000 - 0x00007ff8f8d14000 	C:\Windows\SYSTEM32\WINMM.dll
0x00007ff8f8e00000 - 0x00007ff8f8e09000 	C:\Windows\SYSTEM32\WSOCK32.dll
0x00007ff8f1f50000 - 0x00007ff8f1f5a000 	C:\Windows\SYSTEM32\VERSION.dll
0x00007ff8ffd00000 - 0x00007ff8ffd71000 	C:\Windows\System32\WS2_32.dll
0x00007ff8fe1f0000 - 0x00007ff8fe208000 	C:\Windows\SYSTEM32\kernel.appcore.dll
0x00007ff8f8db0000 - 0x00007ff8f8dc0000 	C:\Program Files\Android\Android Studio\jbr\bin\verify.dll
0x00007ff8fc3c0000 - 0x00007ff8fc5f2000 	C:\Windows\SYSTEM32\DBGHELP.DLL
0x00007ff9017c0000 - 0x00007ff901b4f000 	C:\Windows\System32\combase.dll
0x00007ff901660000 - 0x00007ff901737000 	C:\Windows\System32\OLEAUT32.dll
0x00007ff8f5980000 - 0x00007ff8f59b2000 	C:\Windows\SYSTEM32\dbgcore.DLL
0x00007ff8ff430000 - 0x00007ff8ff4ab000 	C:\Windows\System32\bcryptPrimitives.dll
0x00007ff894d80000 - 0x00007ff894da8000 	C:\Program Files\Android\Android Studio\jbr\bin\java.dll
0x00007ff8eb090000 - 0x00007ff8eb09a000 	C:\Program Files\Android\Android Studio\jbr\bin\jimage.dll
0x00007ff8e4440000 - 0x00007ff8e4458000 	C:\Program Files\Android\Android Studio\jbr\bin\zip.dll

dbghelp: loaded successfully - version: 4.0.5 - missing functions: none
symbol engine: initialized successfully - sym options: 0x614 - pdb path: .;C:\Program Files\Android\Android Studio\jbr\bin;C:\Windows\SYSTEM32;C:\Windows\WinSxS\amd64_microsoft.windows.common-controls_6595b64144ccf1df_6.0.22621.4541_none_2710d1c57384c085;C:\Program Files\Android\Android Studio\jbr\bin\server

VM Arguments:
java_command: org.jetbrains.kotlin.cli.jvm.K2JVMCompiler @D:\FilmFit2\app\build\20241222_1971102131198733511.compiler.options
java_class_path (initial): C:\Users\Анастасія\.gradle\caches\modules-2\files-2.1\org.jetbrains.kotlin\kotlin-compiler-embeddable\1.7.0\4d09852239f61842072b40b524882fa3caaed371\kotlin-compiler-embeddable-1.7.0.jar;C:\Users\Анастасія\.gradle\caches\modules-2\files-2.1\org.jetbrains.kotlin\kotlin-reflect\1.7.0\e660b0079fdaf744dc9cc7f6f3aa3c761ec839b0\kotlin-reflect-1.7.0.jar;C:\Users\Анастасія\.gradle\caches\modules-2\files-2.1\org.jetbrains.kotlin\kotlin-stdlib\1.7.0\a5f42c684ad9003160ef0d0f693ecf0ba7b13549\kotlin-stdlib-1.7.0.jar;C:\Users\Анастасія\.gradle\caches\modules-2\files-2.1\org.jetbrains.kotlin\kotlin-script-runtime\1.7.0\3acea1d447587e61bc3e1b3ed6227d9e9ed4ddf1\kotlin-script-runtime-1.7.0.jar;C:\Users\Анастасія\.gradle\caches\modules-2\files-2.1\org.jetbrains.kotlin\kotlin-daemon-embeddable\1.7.0\fd56798de80825c673ac93808284c5198ffa2b50\kotlin-daemon-embeddable-1.7.0.jar;C:\Users\Анастасія\.gradle\caches\modules-2\files-2.1\org.jetbrains.intellij.deps\trove4j\1.0.20200330\3afb14d5f9ceb459d724e907a21145e8ff394f02\trove4j-1.0.20200330.jar;C:\Users\Анастасія\.gradle\caches\modules-2\files-2.1\net.java.dev.jna\jna\5.6.0\330f2244e9030119ab3030fc3fededc86713d9cc\jna-5.6.0.jar;C:\Users\Анастасія\.gradle\caches\modules-2\files-2.1\org.jetbrains.kotlin\kotlin-stdlib-common\1.7.0\51736992f422993a1e741051bdf3c12801bc1ca1\kotlin-stdlib-common-1.7.0.jar;C:\Users\Анастасія\.gradle\caches\modules-2\files-2.1\org.jetbrains\annotations\13.0\919f0dfe192fb4e063e7dacadee7f8bb9a2672a9\annotations-13.0.jar
Launcher Type: SUN_STANDARD

[Global flags]
     intx CICompilerCount                          = 12                                        {product} {ergonomic}
     uint ConcGCThreads                            = 3                                         {product} {ergonomic}
     uint G1ConcRefinementThreads                  = 13                                        {product} {ergonomic}
   size_t G1HeapRegionSize                         = 1048576                                   {product} {ergonomic}
    uintx GCDrainStackTargetSize                   = 64                                        {product} {ergonomic}
   size_t InitialHeapSize                          = 264241152                                 {product} {ergonomic}
   size_t MarkStackSize                            = 4194304                                   {product} {ergonomic}
   size_t MaxHeapSize                              = 4215275520                                {product} {ergonomic}
   size_t MinHeapDeltaBytes                        = 1048576                                   {product} {ergonomic}
    uintx NonNMethodCodeHeapSize                   = 7594288                                {pd product} {ergonomic}
    uintx NonProfiledCodeHeapSize                  = 122031976                              {pd product} {ergonomic}
    uintx ProfiledCodeHeapSize                     = 122031976                              {pd product} {ergonomic}
    uintx ReservedCodeCacheSize                    = 251658240                              {pd product} {ergonomic}
     bool SegmentedCodeCache                       = true                                      {product} {ergonomic}
     bool UseCompressedClassPointers               = true                                 {lp64_product} {ergonomic}
     bool UseCompressedOops                        = true                                 {lp64_product} {ergonomic}
     bool UseG1GC                                  = true                                      {product} {ergonomic}
     bool UseLargePagesIndividualAllocation        = false                                  {pd product} {ergonomic}

Logging:
Log output configuration:
 #0: stdout all=warning uptime,level,tags
 #1: stderr all=off uptime,level,tags

Environment Variables:
JAVA_HOME= С:\Program Files\Java\jdk1.8.0_121
PATH=C:\Program Files\Common Files\Oracle\Java\javapath;C:\Program Files (x86)\Common Files\Oracle\Java\javapath;C:\Windows\system32;C:\Windows;C:\Windows\System32\Wbem;C:\Windows\System32\WindowsPowerShell\v1.0\;C:\Windows\System32\OpenSSH\;C:\Users\Анастасія\GSS\MinGW\bin;C:\Program Files\dotnet\;C:\Program Files\Git\cmd;C:\Users\Анастасія\Downloads\apache-ant-1.9.16-bin\apache-ant-1.9.16\bin;C:\Program Files (x86)\NVIDIA Corporation\PhysX\Common;D:\vertolyotik\chrome-win64\chrome.exe;C:\Program Files\nodejs\;C:\Program Files\Docker\Docker\resources\bin;C:\Program Files\NVIDIA Corporation\NVIDIA app\NvDLISR;C:\Program Files\MySQL\MySQL Shell 8.0\bin\;C:\python\Scripts\;C:\python\;С:\Program Files\Apache Программное обеспечение Foundation\apache-maven-3.5.0\bin;C:\Program Files\JetBrains\PyCharm Community Edition 2022.3.2\bin;;C:\Users\Анастасія\.dotnet\tools;C:\Users\Анастасія\AppData\Local\Programs\Microsoft VS Code\bin;C:\ProgramData\Анастасія\GitHubDesktop\bin;C:\Users\Анастасія\AppData\Roaming\npm
USERNAME=Анастасія
OS=Windows_NT
PROCESSOR_IDENTIFIER=Intel64 Family 6 Model 154 Stepping 3, GenuineIntel



---------------  S Y S T E M  ---------------

OS: Windows 11 , 64 bit Build 22621 (10.0.22621.4391)
OS uptime: 4 days 3:49 hours
Hyper-V role detected

CPU:total 16 (initial active 16) (8 cores per cpu, 2 threads per core) family 6 model 154 stepping 3 microcode 0x419, cmov, cx8, fxsr, mmx, sse, sse2, sse3, ssse3, sse4.1, sse4.2, popcnt, avx, avx2, aes, clmul, erms, 3dnowpref, lzcnt, ht, tsc, tscinvbit, bmi1, bmi2, adx, sha, fma

Memory: 4k page, system-wide physical 16075M (403M free)
TotalPageFile size 61330M (AvailPageFile size 124M)
current process WorkingSet (physical memory assigned to process): 11M, peak: 11M
current process commit charge ("private bytes"): 71M, peak: 323M

vm_info: OpenJDK 64-Bit Server VM (11.0.15+0-b2043.56-9505619) for windows-amd64 JRE (11.0.15+0-b2043.56-9505619), built on Jan 19 2023 02:48:00 by "builduser" with unknown MS VC++:1929

END.
